[debug] [2020-10-07T04:51:16.476Z] ----------------------------------------------------------------------
[debug] [2020-10-07T04:51:16.478Z] Command:       C:\Program Files\nodejs\node.exe C:\Users\jonjo\AppData\Roaming\npm\node_modules\firebase-tools\lib\bin\firebase.js serve
[debug] [2020-10-07T04:51:16.478Z] CLI Version:   8.12.0
[debug] [2020-10-07T04:51:16.478Z] Platform:      win32
[debug] [2020-10-07T04:51:16.478Z] Node Version:  v12.19.0
[debug] [2020-10-07T04:51:16.479Z] Time:          Tue Oct 06 2020 23:51:16 GMT-0500 (Central Daylight Time)
[debug] [2020-10-07T04:51:16.479Z] ----------------------------------------------------------------------
[debug] [2020-10-07T04:51:16.479Z] 
[debug] [2020-10-07T04:51:16.486Z] > command requires scopes: ["email","openid","https://www.googleapis.com/auth/cloudplatformprojects.readonly","https://www.googleapis.com/auth/firebase","https://www.googleapis.com/auth/cloud-platform"]
[debug] [2020-10-07T04:51:16.486Z] > authorizing via signed-in user
[debug] [2020-10-07T04:51:16.486Z] [iam] checking project vue-things for permissions ["firebase.projects.get"]
[debug] [2020-10-07T04:51:16.489Z] >>> HTTP REQUEST POST https://cloudresourcemanager.googleapis.com/v1/projects/vue-things:testIamPermissions  
 {"permissions":["firebase.projects.get"]}
[debug] [2020-10-07T04:51:16.617Z] <<< HTTP RESPONSE 200 {"content-type":"application/json; charset=UTF-8","vary":"X-Origin, Referer, Origin,Accept-Encoding","date":"Wed, 07 Oct 2020 04:51:17 GMT","server":"ESF","cache-control":"private","x-xss-protection":"0","x-frame-options":"SAMEORIGIN","x-content-type-options":"nosniff","server-timing":"gfet4t7; dur=52","alt-svc":"h3-Q050=\":443\"; ma=2592000,h3-29=\":443\"; ma=2592000,h3-27=\":443\"; ma=2592000,h3-T051=\":443\"; ma=2592000,h3-T050=\":443\"; ma=2592000,h3-Q046=\":443\"; ma=2592000,h3-Q043=\":443\"; ma=2592000,quic=\":443\"; ma=2592000; v=\"46,43\"","accept-ranges":"none","transfer-encoding":"chunked"}
[debug] [2020-10-07T04:51:16.619Z] >>> HTTP REQUEST GET https://firebase.googleapis.com/v1beta1/projects/vue-things  
 
[debug] [2020-10-07T04:51:16.800Z] <<< HTTP RESPONSE 200 {"content-type":"application/json; charset=UTF-8","vary":"X-Origin, Referer, Origin,Accept-Encoding","date":"Wed, 07 Oct 2020 04:51:17 GMT","server":"ESF","cache-control":"private","x-xss-protection":"0","x-frame-options":"SAMEORIGIN","x-content-type-options":"nosniff","alt-svc":"h3-Q050=\":443\"; ma=2592000,h3-29=\":443\"; ma=2592000,h3-27=\":443\"; ma=2592000,h3-T051=\":443\"; ma=2592000,h3-T050=\":443\"; ma=2592000,h3-Q046=\":443\"; ma=2592000,h3-Q043=\":443\"; ma=2592000,quic=\":443\"; ma=2592000; v=\"46,43\"","accept-ranges":"none","transfer-encoding":"chunked"}
[info] 
[info] === Serving from 'C:\Users\jonjo\Desktop\firebase_things\jjosko_1'...
[info] 
[debug] [2020-10-07T04:51:16.804Z] >>> HTTP REQUEST GET https://firebase.googleapis.com/v1beta1/projects/vue-things/webApps/-/config  
 
[warn] !  Your requested "node" version "10" doesn't match your global version "12" {"metadata":{"emulator":{"name":"functions"},"message":"Your requested \"node\" version \"10\" doesn't match your global version \"12\""}}
[debug] [2020-10-07T04:51:16.816Z] defaultcredentials: writing to file C:\Users\jonjo\AppData\Roaming\firebase\jonjosko_gmail_com_application_default_credentials.json
[debug] [2020-10-07T04:51:16.817Z] Setting GAC to C:\Users\jonjo\AppData\Roaming\firebase\jonjosko_gmail_com_application_default_credentials.json {"metadata":{"emulator":{"name":"functions"},"message":"Setting GAC to C:\\Users\\jonjo\\AppData\\Roaming\\firebase\\jonjosko_gmail_com_application_default_credentials.json"}}
[debug] [2020-10-07T04:51:17.104Z] <<< HTTP RESPONSE 200 {"content-type":"application/json; charset=UTF-8","vary":"X-Origin, Referer, Origin,Accept-Encoding","date":"Wed, 07 Oct 2020 04:51:17 GMT","server":"ESF","cache-control":"private","x-xss-protection":"0","x-frame-options":"SAMEORIGIN","x-content-type-options":"nosniff","alt-svc":"h3-Q050=\":443\"; ma=2592000,h3-29=\":443\"; ma=2592000,h3-27=\":443\"; ma=2592000,h3-T051=\":443\"; ma=2592000,h3-T050=\":443\"; ma=2592000,h3-Q046=\":443\"; ma=2592000,h3-Q043=\":443\"; ma=2592000,quic=\":443\"; ma=2592000; v=\"46,43\"","accept-ranges":"none","transfer-encoding":"chunked"}
[info] i  functions: Watching "C:\Users\jonjo\Desktop\firebase_things\jjosko_1\functions" for Cloud Functions... {"metadata":{"emulator":{"name":"functions"},"message":"Watching \"C:\\Users\\jonjo\\Desktop\\firebase_things\\jjosko_1\\functions\" for Cloud Functions..."}}
[debug] [2020-10-07T04:51:17.142Z] [worker-pool] addWorker(~diagnostic~) {"metadata":{"emulator":{"name":"functions"},"message":"[worker-pool] addWorker(~diagnostic~)"}}
[debug] [2020-10-07T04:51:17.143Z] [worker-pool] Adding worker with key ~diagnostic~, total=1 {"metadata":{"emulator":{"name":"functions"},"message":"[worker-pool] Adding worker with key ~diagnostic~, total=1"}}
[debug] [2020-10-07T04:51:17.143Z] [worker-pool] submitWork(triggerId=) {"metadata":{"emulator":{"name":"functions"},"message":"[worker-pool] submitWork(triggerId=)"}}
[debug] [2020-10-07T04:51:17.143Z] [worker-~diagnostic~-5975b9c9-e3d9-41a2-bd46-7b95377334fd]: Assigning socketPath: \\?\pipe\C:\Users\jonjo\Desktop\firebase_things\jjosko_1\functions\16992 {"metadata":{"emulator":{"name":"functions"},"message":"[worker-~diagnostic~-5975b9c9-e3d9-41a2-bd46-7b95377334fd]: Assigning socketPath: \\\\?\\pipe\\C:\\Users\\jonjo\\Desktop\\firebase_things\\jjosko_1\\functions\\16992"}}
[debug] [2020-10-07T04:51:17.143Z] [worker-~diagnostic~-5975b9c9-e3d9-41a2-bd46-7b95377334fd]: BUSY {"metadata":{"emulator":{"name":"functions"},"message":"[worker-~diagnostic~-5975b9c9-e3d9-41a2-bd46-7b95377334fd]: BUSY"}}
[info] i  hosting: Serving hosting files from: dist {"metadata":{"emulator":{"name":"hosting"},"message":"Serving hosting files from: \u001b[1mdist\u001b[22m"}}
[info] +  hosting: Local server: http://localhost:5000 {"metadata":{"emulator":{"name":"hosting"},"message":"Local server: \u001b[4m\u001b[1mhttp://localhost:5000\u001b[22m\u001b[24m"}}
[debug] [2020-10-07T04:51:17.537Z] [runtime-status] [16992] Functions runtime initialized. {"cwd":"C:\\Users\\jonjo\\Desktop\\firebase_things\\jjosko_1\\functions","node_version":"12.19.0"} {"metadata":{"emulator":{"name":"functions"},"message":"[runtime-status] [16992] Functions runtime initialized. {\"cwd\":\"C:\\\\Users\\\\jonjo\\\\Desktop\\\\firebase_things\\\\jjosko_1\\\\functions\",\"node_version\":\"12.19.0\"}"}}
[debug] [2020-10-07T04:51:17.538Z] [runtime-status] [16992] Disabled runtime features: undefined {"metadata":{"emulator":{"name":"functions"},"message":"[runtime-status] [16992] Disabled runtime features: undefined"}}
[debug] [2020-10-07T04:51:17.541Z] [runtime-status] [16992] Resolved module firebase-admin {"declared":true,"installed":true,"version":"8.13.0","resolution":"C:\\Users\\jonjo\\Desktop\\firebase_things\\jjosko_1\\functions\\node_modules\\firebase-admin\\lib\\index.js"} {"metadata":{"emulator":{"name":"functions"},"message":"[runtime-status] [16992] Resolved module firebase-admin {\"declared\":true,\"installed\":true,\"version\":\"8.13.0\",\"resolution\":\"C:\\\\Users\\\\jonjo\\\\Desktop\\\\firebase_things\\\\jjosko_1\\\\functions\\\\node_modules\\\\firebase-admin\\\\lib\\\\index.js\"}"}}
[debug] [2020-10-07T04:51:17.544Z] [runtime-status] [16992] Resolved module firebase-functions {"declared":true,"installed":true,"version":"3.11.0","resolution":"C:\\Users\\jonjo\\Desktop\\firebase_things\\jjosko_1\\functions\\node_modules\\firebase-functions\\lib\\index.js"} {"metadata":{"emulator":{"name":"functions"},"message":"[runtime-status] [16992] Resolved module firebase-functions {\"declared\":true,\"installed\":true,\"version\":\"3.11.0\",\"resolution\":\"C:\\\\Users\\\\jonjo\\\\Desktop\\\\firebase_things\\\\jjosko_1\\\\functions\\\\node_modules\\\\firebase-functions\\\\lib\\\\index.js\"}"}}
[debug] [2020-10-07T04:51:17.545Z] [runtime-status] [16992] Resolved module firebase-functions {"declared":true,"installed":true,"version":"3.11.0","resolution":"C:\\Users\\jonjo\\Desktop\\firebase_things\\jjosko_1\\functions\\node_modules\\firebase-functions\\lib\\index.js"} {"metadata":{"emulator":{"name":"functions"},"message":"[runtime-status] [16992] Resolved module firebase-functions {\"declared\":true,\"installed\":true,\"version\":\"3.11.0\",\"resolution\":\"C:\\\\Users\\\\jonjo\\\\Desktop\\\\firebase_things\\\\jjosko_1\\\\functions\\\\node_modules\\\\firebase-functions\\\\lib\\\\index.js\"}"}}
[debug] [2020-10-07T04:51:17.547Z] [runtime-status] [16992] Outgoing network have been stubbed. [{"name":"http","status":"mocked"},{"name":"http","status":"mocked"},{"name":"https","status":"mocked"},{"name":"https","status":"mocked"},{"name":"net","status":"mocked"}] {"metadata":{"emulator":{"name":"functions"},"message":"[runtime-status] [16992] Outgoing network have been stubbed. [{\"name\":\"http\",\"status\":\"mocked\"},{\"name\":\"http\",\"status\":\"mocked\"},{\"name\":\"https\",\"status\":\"mocked\"},{\"name\":\"https\",\"status\":\"mocked\"},{\"name\":\"net\",\"status\":\"mocked\"}]"}}
[debug] [2020-10-07T04:51:17.547Z] [runtime-status] [16992] Resolved module firebase-functions {"declared":true,"installed":true,"version":"3.11.0","resolution":"C:\\Users\\jonjo\\Desktop\\firebase_things\\jjosko_1\\functions\\node_modules\\firebase-functions\\lib\\index.js"} {"metadata":{"emulator":{"name":"functions"},"message":"[runtime-status] [16992] Resolved module firebase-functions {\"declared\":true,\"installed\":true,\"version\":\"3.11.0\",\"resolution\":\"C:\\\\Users\\\\jonjo\\\\Desktop\\\\firebase_things\\\\jjosko_1\\\\functions\\\\node_modules\\\\firebase-functions\\\\lib\\\\index.js\"}"}}
[debug] [2020-10-07T04:51:17.586Z] [runtime-status] [16992] Checked functions.config() {"config":{}} {"metadata":{"emulator":{"name":"functions"},"message":"[runtime-status] [16992] Checked functions.config() {\"config\":{}}"}}
[debug] [2020-10-07T04:51:17.587Z] [runtime-status] [16992] firebase-functions has been stubbed. {"functionsResolution":{"declared":true,"installed":true,"version":"3.11.0","resolution":"C:\\Users\\jonjo\\Desktop\\firebase_things\\jjosko_1\\functions\\node_modules\\firebase-functions\\lib\\index.js"}} {"metadata":{"emulator":{"name":"functions"},"message":"[runtime-status] [16992] firebase-functions has been stubbed. {\"functionsResolution\":{\"declared\":true,\"installed\":true,\"version\":\"3.11.0\",\"resolution\":\"C:\\\\Users\\\\jonjo\\\\Desktop\\\\firebase_things\\\\jjosko_1\\\\functions\\\\node_modules\\\\firebase-functions\\\\lib\\\\index.js\"}}"}}
[debug] [2020-10-07T04:51:17.587Z] [runtime-status] [16992] Resolved module firebase-functions {"declared":true,"installed":true,"version":"3.11.0","resolution":"C:\\Users\\jonjo\\Desktop\\firebase_things\\jjosko_1\\functions\\node_modules\\firebase-functions\\lib\\index.js"} {"metadata":{"emulator":{"name":"functions"},"message":"[runtime-status] [16992] Resolved module firebase-functions {\"declared\":true,\"installed\":true,\"version\":\"3.11.0\",\"resolution\":\"C:\\\\Users\\\\jonjo\\\\Desktop\\\\firebase_things\\\\jjosko_1\\\\functions\\\\node_modules\\\\firebase-functions\\\\lib\\\\index.js\"}"}}
[debug] [2020-10-07T04:51:17.588Z] [runtime-status] [16992] Resolved module firebase-admin {"declared":true,"installed":true,"version":"8.13.0","resolution":"C:\\Users\\jonjo\\Desktop\\firebase_things\\jjosko_1\\functions\\node_modules\\firebase-admin\\lib\\index.js"} {"metadata":{"emulator":{"name":"functions"},"message":"[runtime-status] [16992] Resolved module firebase-admin {\"declared\":true,\"installed\":true,\"version\":\"8.13.0\",\"resolution\":\"C:\\\\Users\\\\jonjo\\\\Desktop\\\\firebase_things\\\\jjosko_1\\\\functions\\\\node_modules\\\\firebase-admin\\\\lib\\\\index.js\"}"}}
[debug] [2020-10-07T04:51:17.589Z] [runtime-status] [16992] Resolved module firebase-functions {"declared":true,"installed":true,"version":"3.11.0","resolution":"C:\\Users\\jonjo\\Desktop\\firebase_things\\jjosko_1\\functions\\node_modules\\firebase-functions\\lib\\index.js"} {"metadata":{"emulator":{"name":"functions"},"message":"[runtime-status] [16992] Resolved module firebase-functions {\"declared\":true,\"installed\":true,\"version\":\"3.11.0\",\"resolution\":\"C:\\\\Users\\\\jonjo\\\\Desktop\\\\firebase_things\\\\jjosko_1\\\\functions\\\\node_modules\\\\firebase-functions\\\\lib\\\\index.js\"}"}}
[debug] [2020-10-07T04:51:17.589Z] [runtime-status] [16992] firebase-admin has been stubbed. {"adminResolution":{"declared":true,"installed":true,"version":"8.13.0","resolution":"C:\\Users\\jonjo\\Desktop\\firebase_things\\jjosko_1\\functions\\node_modules\\firebase-admin\\lib\\index.js"}} {"metadata":{"emulator":{"name":"functions"},"message":"[runtime-status] [16992] firebase-admin has been stubbed. {\"adminResolution\":{\"declared\":true,\"installed\":true,\"version\":\"8.13.0\",\"resolution\":\"C:\\\\Users\\\\jonjo\\\\Desktop\\\\firebase_things\\\\jjosko_1\\\\functions\\\\node_modules\\\\firebase-admin\\\\lib\\\\index.js\"}}"}}
[debug] [2020-10-07T04:51:17.590Z] [worker-~diagnostic~-5975b9c9-e3d9-41a2-bd46-7b95377334fd]: IDLE {"metadata":{"emulator":{"name":"functions"},"message":"[worker-~diagnostic~-5975b9c9-e3d9-41a2-bd46-7b95377334fd]: IDLE"}}
